Build started 2018-07-27 23:13:26.
     1>Project "E:\GitProject\ProtocolTool\ProtocolTools\ProtocolTools.vcxproj" on node 2 (Rebuild target(s)).
     1>ClCompile:
         C:\Program Files (x86)\Microsoft Visual Studio 12.0\VC\bin\CL.exe /c /ZI /nologo /W3 /WX- /sdl /Od /Oy- /D WIN32 /D _WINDOWS /D _DEBUG /D _UNICODE /D UNICODE /Gm /EHsc /RTC1 /MTd /GS /fp:precise /Zc:wchar_t /Zc:forScope /Yc"stdafx.h" /Fp"Debug\ProtocolTools.pch" /Fo"Debug\\" /Fd"Debug\vc120.pdb" /Gd /TP /analyze- /errorReport:prompt stdafx.cpp
         stdafx.cpp
         C:\Program Files (x86)\Microsoft Visual Studio 12.0\VC\bin\CL.exe /c /ZI /nologo /W3 /WX- /sdl /Od /Oy- /D WIN32 /D _WINDOWS /D _DEBUG /D _UNICODE /D UNICODE /Gm /EHsc /RTC1 /MTd /GS /fp:precise /Zc:wchar_t /Zc:forScope /Yu"stdafx.h" /Fp"Debug\ProtocolTools.pch" /Fo"Debug\\" /Fd"Debug\vc120.pdb" /Gd /TP /analyze- /errorReport:prompt SocketTool.cpp ProtocolTools.cpp ProtocolToolsDlg.cpp
         ProtocolToolsDlg.cpp
         ProtocolTools.cpp
         SocketTool.cpp
         Generating Code...
       ResourceCompile:
         C:\Program Files (x86)\Windows Kits\8.1\bin\x86\rc.exe /D _DEBUG /D _UNICODE /D UNICODE /l"0x0804" /IDebug\ /nologo /fo"Debug\ProtocolTools.res" ProtocolTools.rc 
       Link:
         C:\Program Files (x86)\Microsoft Visual Studio 12.0\VC\bin\link.exe /ERRORREPORT:PROMPT /OUT:"E:\GitProject\ProtocolTool\Debug\ProtocolTools.exe" /INCREMENTAL /NOLOGO /MANIFEST /MANIFESTUAC:"level='asInvoker' uiAccess='false'" /manifest:embed /manifestinput:"C:\Program Files (x86)\Microsoft Visual Studio 12.0\VC\Include\Manifest\dpiaware.manifest" /DEBUG /PDB:"E:\GitProject\ProtocolTool\Debug\ProtocolTools.pdb" /SUBSYSTEM:WINDOWS /TLBID:1 /ENTRY:"wWinMainCRTStartup" /DYNAMICBASE /NXCOMPAT /IMPLIB:"E:\GitProject\ProtocolTool\Debug\ProtocolTools.lib" /MACHINE:X86 Debug\ProtocolTools.res
         Debug\SocketTool.obj
         Debug\ProtocolTools.obj
         Debug\ProtocolToolsDlg.obj
         Debug\stdafx.obj
         ProtocolTools.vcxproj -> E:\GitProject\ProtocolTool\Debug\ProtocolTools.exe
     1>Done Building Project "E:\GitProject\ProtocolTool\ProtocolTools\ProtocolTools.vcxproj" (Rebuild target(s)).

Build succeeded.

Time Elapsed 00:00:09.37
