e:\gitproject\protocoltool\protocoltools\debug\protocoltools.pch
e:\gitproject\protocoltool\protocoltools\debug\vc120.pdb
e:\gitproject\protocoltool\protocoltools\debug\vc120.idb
e:\gitproject\protocoltool\protocoltools\debug\stdafx.obj
e:\gitproject\protocoltool\protocoltools\debug\sockettool.obj
e:\gitproject\protocoltool\protocoltools\debug\protocoltools.obj
e:\gitproject\protocoltool\protocoltools\debug\protocoltoolsdlg.obj
e:\gitproject\protocoltool\protocoltools\debug\protocoltools.res
e:\gitproject\protocoltool\debug\protocoltools.pdb
e:\gitproject\protocoltool\debug\protocoltools.exe
e:\gitproject\protocoltool\debug\protocoltools.ilk
e:\gitproject\protocoltool\protocoltools\debug\protocoltools.tlog\cl.command.1.tlog
e:\gitproject\protocoltool\protocoltools\debug\protocoltools.tlog\cl.read.1.tlog
e:\gitproject\protocoltool\protocoltools\debug\protocoltools.tlog\cl.write.1.tlog
e:\gitproject\protocoltool\protocoltools\debug\protocoltools.tlog\link.command.1.tlog
e:\gitproject\protocoltool\protocoltools\debug\protocoltools.tlog\link.read.1.tlog
e:\gitproject\protocoltool\protocoltools\debug\protocoltools.tlog\link.write.1.tlog
e:\gitproject\protocoltool\protocoltools\debug\protocoltools.tlog\rc.command.1.tlog
e:\gitproject\protocoltool\protocoltools\debug\protocoltools.tlog\rc.read.1.tlog
e:\gitproject\protocoltool\protocoltools\debug\protocoltools.tlog\rc.write.1.tlog
